<?xml version="1.0" encoding="UTF-8"?>
<!-- Generated by org.testng.reporters.JUnitReportReporter -->
<testsuite hostname="LAPTOP-GERL73EP" failures="0" tests="1" name="Testing.AutomationCICD.Automation" time="7.633" errors="0" timestamp="2024-04-21T16:26:46 IST" skipped="0">
  <testcase classname="Testing.AutomationCICD.Automation" name="simplerun" time="7.633"/>
  <system-out/>
</testsuite> <!-- Testing.AutomationCICD.Automation -->
